Using pre-set license
Built from '2020.3/staging' branch; Version is '2020.3.16f1 (049d6eca3c44) revision 302446'; Using compiler version '192528614'; Build Type 'Release'
OS: 'Windows 10 Home; OS build 22621.1105; Version 2009; 64bit' Language: 'ja' Physical Memory: 16106 MB
BatchMode: 1, IsHumanControllingUs: 0, StartBugReporterOnCrash: 0, Is64bit: 1, IsPro: 0

 COMMAND LINE ARGUMENTS:
C:\Program Files\Unity\Hub\Editor\2020.3.16f1\Editor\Unity.exe
-adb2
-batchMode
-noUpm
-name
AssetImportWorker0
-projectPath
C:/Users/syout/Documents/GitHub/dreamemu
-logFile
Logs/AssetImportWorker0.log
-srvPort
63627
Successfully changed project path to: C:/Users/syout/Documents/GitHub/dreamemu
C:/Users/syout/Documents/GitHub/dreamemu
Using Asset Import Pipeline V2.
Refreshing native plugins compatible for Editor in 41.06 ms, found 2 plugins.
Preloading 0 native plugins for Editor in 0.00 ms.
Initialize engine version: 2020.3.16f1 (049d6eca3c44)
[Subsystems] Discovering subsystems at path C:/Program Files/Unity/Hub/Editor/2020.3.16f1/Editor/Data/Resources/UnitySubsystems
[Subsystems] Discovering subsystems at path C:/Users/syout/Documents/GitHub/dreamemu/Assets
GfxDevice: creating device client; threaded=0
Direct3D:
    Version:  Direct3D 11.0 [level 11.1]
    Renderer: Intel(R) Iris(R) Xe Graphics (ID=0x9a49)
    Vendor:   
    VRAM:     8053 MB
    Driver:   30.0.101.1692
Shader 'Universal Render Pipeline/Particles/Lit': fallback shader 'Universal Render Pipeline/Particles/SimpleLit' not found
Initialize mono
Mono path[0] = 'C:/Program Files/Unity/Hub/Editor/2020.3.16f1/Editor/Data/Managed'
Mono path[1] = 'C:/Program Files/Unity/Hub/Editor/2020.3.16f1/Editor/Data/MonoBleedingEdge/lib/mono/unityjit'
Mono config path = 'C:/Program Files/Unity/Hub/Editor/2020.3.16f1/Editor/Data/MonoBleedingEdge/etc'
Using monoOptions --debugger-agent=transport=dt_socket,embedding=1,server=y,suspend=n,address=127.0.0.1:56808
Begin MonoManager ReloadAssembly
Registering precompiled unity dll's ...
Register platform support module: C:/Program Files/Unity/Hub/Editor/2020.3.16f1/Editor/Data/PlaybackEngines/WindowsStandaloneSupport/UnityEditor.WindowsStandalone.Extensions.dll
Registered in 0.001229 seconds.
Native extension for WindowsStandalone target not found
Refreshing native plugins compatible for Editor in 43.58 ms, found 2 plugins.
Preloading 0 native plugins for Editor in 0.00 ms.
Mono: successfully reloaded assembly
- Completed reload, in  0.693 seconds
Domain Reload Profiling:
	ReloadAssembly (694ms)
		BeginReloadAssembly (40ms)
			ExecutionOrderSort (0ms)
			DisableScriptedObjects (0ms)
			BackupInstance (0ms)
			ReleaseScriptingObjects (0ms)
			CreateAndSetChildDomain (1ms)
		EndReloadAssembly (325ms)
			LoadAssemblies (39ms)
			RebuildTransferFunctionScriptingTraits (0ms)
			SetupTypeCache (112ms)
			ReleaseScriptCaches (0ms)
			RebuildScriptCaches (23ms)
			SetupLoadedEditorAssemblies (134ms)
				LogAssemblyErrors (0ms)
				InitializePlatformSupportModulesInManaged (3ms)
				SetLoadedEditorAssemblies (0ms)
				RefreshPlugins (44ms)
				BeforeProcessingInitializeOnLoad (8ms)
				ProcessInitializeOnLoadAttributes (58ms)
				ProcessInitializeOnLoadMethodAttributes (21ms)
				AfterProcessingInitializeOnLoad (0ms)
				EditorAssembliesLoaded (0ms)
			ExecutionOrderSort2 (0ms)
			AwakeInstancesAfterBackupRestoration (0ms)
Platform modules already initialized, skipping
Registering precompiled user dll's ...
Registered in 0.002517 seconds.
Begin MonoManager ReloadAssembly
Native extension for WindowsStandalone target not found
Refreshing native plugins compatible for Editor in 44.13 ms, found 2 plugins.
Preloading 0 native plugins for Editor in 0.00 ms.
Mono: successfully reloaded assembly
- Completed reload, in  0.953 seconds
Domain Reload Profiling:
	ReloadAssembly (954ms)
		BeginReloadAssembly (109ms)
			ExecutionOrderSort (0ms)
			DisableScriptedObjects (3ms)
			BackupInstance (0ms)
			ReleaseScriptingObjects (0ms)
			CreateAndSetChildDomain (14ms)
		EndReloadAssembly (797ms)
			LoadAssemblies (78ms)
			RebuildTransferFunctionScriptingTraits (0ms)
			SetupTypeCache (237ms)
			ReleaseScriptCaches (0ms)
			RebuildScriptCaches (44ms)
			SetupLoadedEditorAssemblies (346ms)
				LogAssemblyErrors (0ms)
				InitializePlatformSupportModulesInManaged (3ms)
				SetLoadedEditorAssemblies (0ms)
				RefreshPlugins (44ms)
				BeforeProcessingInitializeOnLoad (56ms)
				ProcessInitializeOnLoadAttributes (234ms)
				ProcessInitializeOnLoadMethodAttributes (5ms)
				AfterProcessingInitializeOnLoad (3ms)
				EditorAssembliesLoaded (0ms)
			ExecutionOrderSort2 (0ms)
			AwakeInstancesAfterBackupRestoration (5ms)
Platform modules already initialized, skipping
========================================================================
Worker process is ready to serve import requests
Shader 'Universal Render Pipeline/Particles/Lit': fallback shader 'Universal Render Pipeline/Particles/SimpleLit' not found
Launched and connected shader compiler UnityShaderCompiler.exe after 0.05 seconds
Refreshing native plugins compatible for Editor in 0.52 ms, found 2 plugins.
Preloading 0 native plugins for Editor in 0.00 ms.
Unloading 3177 Unused Serialized files (Serialized files now loaded: 0)
System memory in use before: 141.6 MB.
System memory in use after: 141.8 MB.

Unloading 23 unused Assets to reduce memory usage. Loaded Objects now: 3611.
Total: 2.974300 ms (FindLiveObjects: 0.224100 ms CreateObjectMapping: 0.081700 ms MarkObjects: 2.581900 ms  DeleteObjects: 0.085700 ms)

AssetImportParameters requested are different than current active one (requested -> active):
  custom:framework-win-MediaFoundation: 216162199b28c13a410421893ffa2e32 -> 
  custom:video-decoder-ogg-theora: a1e56fd34408186e4bbccfd4996cb3dc -> 
  custom:container-muxer-webm: aa71ff27fc2769a1b78a27578f13a17b -> 
  custom:container-demuxer-webm: 4f35f7cbe854078d1ac9338744f61a02 -> 
  custom:container-demuxer-ogg: 62fdf1f143b41e24485cea50d1cbac27 -> 
  custom:video-encoder-webm-vp8: eb34c28f22e8b96e1ab97ce403110664 -> 
  custom:video-codec-MediaFoundation-h265: 746d11721c4dcdbdad8f713fa42b33f4 -> 
  custom:video-decoder-webm-vp8: 9c59270c3fd7afecdb556c50c9e8de78 -> 
  custom:audio-decoder-ogg-vorbis: bf7c407c2cedff20999df2af8eb42d56 -> 
  custom:audio-encoder-webm-vorbis: bf7c407c2cedff20999df2af8eb42d56 -> 
========================================================================
Received Import Request.
  path: Assets/material/ceiling.mat
  artifactKey: Guid(41799a564dc19b443b93d24131d82187) Importer(815301076,1909f56bfc062723c751e8b465ee728b)
Start importing Assets/material/ceiling.mat using Guid(41799a564dc19b443b93d24131d82187) Importer(815301076,1909f56bfc062723c751e8b465ee728b)  -> (artifact id: '0257ede99cdd7148599dbc437077af4b') in 0.698209 seconds 
  Import took 0.702103 seconds .

========================================================================
Received Import Request.
  Time since last request: 0.000274 seconds.
  path: Assets/post processing/post.asset
  artifactKey: Guid(f6ca318fb2e378744bb456ebfb934479) Importer(815301076,1909f56bfc062723c751e8b465ee728b)
Start importing Assets/post processing/post.asset using Guid(f6ca318fb2e378744bb456ebfb934479) Importer(815301076,1909f56bfc062723c751e8b465ee728b)  -> (artifact id: '1a79cdc42355b18a480ecf6cb7521e3d') in 0.010889 seconds 
  Import took 0.015140 seconds .

========================================================================
Received Import Request.
  Time since last request: 0.000462 seconds.
  path: Assets/material/glitch.mp4
  artifactKey: Guid(6f36602690366ce459db4d1bb8ded311) Importer(815301076,1909f56bfc062723c751e8b465ee728b)
Start importing Assets/material/glitch.mp4 using Guid(6f36602690366ce459db4d1bb8ded311) Importer(815301076,1909f56bfc062723c751e8b465ee728b)  -> (artifact id: '69f8db66273fdbb7f101bb73e021a9bb') in 0.035622 seconds 
  Import took 0.039617 seconds .

========================================================================
Received Import Request.
  Time since last request: 0.000325 seconds.
  path: Assets/material/lain_old.jpg
  artifactKey: Guid(a15ff2fc14dd0c345bf5ab1fea3a2f7a) Importer(815301076,1909f56bfc062723c751e8b465ee728b)
Start importing Assets/material/lain_old.jpg using Guid(a15ff2fc14dd0c345bf5ab1fea3a2f7a) Importer(815301076,1909f56bfc062723c751e8b465ee728b)  -> (artifact id: '05f72c05149d75a044045572d108029e') in 0.035868 seconds 
  Import took 0.040091 seconds .

========================================================================
Received Import Request.
  Time since last request: 0.000717 seconds.
  path: Assets/material/Wall.mat
  artifactKey: Guid(201f352b9991ee6439825eebe34f054e) Importer(815301076,1909f56bfc062723c751e8b465ee728b)
Start importing Assets/material/Wall.mat using Guid(201f352b9991ee6439825eebe34f054e) Importer(815301076,1909f56bfc062723c751e8b465ee728b)  -> (artifact id: '5a4dfed5c3bca3b22dd2cb9031ea0fcc') in 0.031700 seconds 
  Import took 0.036375 seconds .

========================================================================
Received Import Request.
  Time since last request: 0.000351 seconds.
  path: Assets/material/VHS.mat
  artifactKey: Guid(7ddc455bde7ff8849b02a02a8d99233a) Importer(815301076,1909f56bfc062723c751e8b465ee728b)
Start importing Assets/material/VHS.mat using Guid(7ddc455bde7ff8849b02a02a8d99233a) Importer(815301076,1909f56bfc062723c751e8b465ee728b)  -> (artifact id: '8ebf9d52508433cd021429f5c55cc526') in 0.053164 seconds 
  Import took 0.059904 seconds .

========================================================================
Received Import Request.
  Time since last request: 0.000398 seconds.
  path: Assets/material/Bloom.mat
  artifactKey: Guid(2d44ec985a68d0641844ab6a997561ce) Importer(815301076,1909f56bfc062723c751e8b465ee728b)
Start importing Assets/material/Bloom.mat using Guid(2d44ec985a68d0641844ab6a997561ce) Importer(815301076,1909f56bfc062723c751e8b465ee728b)  -> (artifact id: 'd671e31c33c56ca2b380e37dc1af2ba1') in 0.244343 seconds 
  Import took 0.249762 seconds .

========================================================================
Received Import Request.
  Time since last request: 0.000398 seconds.
  path: Assets/material/Lain.mat
  artifactKey: Guid(fa82a9ab563addd4dbf4d37b8f816a8d) Importer(815301076,1909f56bfc062723c751e8b465ee728b)
Start importing Assets/material/Lain.mat using Guid(fa82a9ab563addd4dbf4d37b8f816a8d) Importer(815301076,1909f56bfc062723c751e8b465ee728b)  -> (artifact id: '44319e96f8bd8250706a41d1e106d295') in 0.061225 seconds 
  Import took 0.067652 seconds .

========================================================================
Received Import Request.
  Time since last request: 0.000265 seconds.
  path: Assets/material/carpet.mat
  artifactKey: Guid(a5b995c9af7baae4db701f21b12f8366) Importer(815301076,1909f56bfc062723c751e8b465ee728b)
Start importing Assets/material/carpet.mat using Guid(a5b995c9af7baae4db701f21b12f8366) Importer(815301076,1909f56bfc062723c751e8b465ee728b)  -> (artifact id: 'd825ff04c8eca1e4da9721a4654171f6') in 0.016309 seconds 
  Import took 0.020545 seconds .

========================================================================
Received Import Request.
  Time since last request: 2.872365 seconds.
  path: Assets/Scenes/Computer Room 1.unity
  artifactKey: Guid(93d4569fd18975e499c13eb76cff2148) Importer(815301076,1909f56bfc062723c751e8b465ee728b)
Start importing Assets/Scenes/Computer Room 1.unity using Guid(93d4569fd18975e499c13eb76cff2148) Importer(815301076,1909f56bfc062723c751e8b465ee728b)  -> (artifact id: '13b75c11f278c3e265f267a2618ba51d') in 0.008555 seconds 
  Import took 0.014282 seconds .

========================================================================
Received Import Request.
  Time since last request: 1.643299 seconds.
  path: Assets/Scenes
  artifactKey: Guid(0c96c64034af65e49a8c030f9ac3eb2d) Importer(815301076,1909f56bfc062723c751e8b465ee728b)
Start importing Assets/Scenes using Guid(0c96c64034af65e49a8c030f9ac3eb2d) Importer(815301076,1909f56bfc062723c751e8b465ee728b)  -> (artifact id: '743617a5809e3c06af66c7d7b5fdbe04') in 0.007717 seconds 
  Import took 0.012694 seconds .

========================================================================
Received Import Request.
  Time since last request: 6.650139 seconds.
  path: Assets/Scenes/Map2.unity
  artifactKey: Guid(93d4569fd18975e499c13eb76cff2148) Importer(815301076,1909f56bfc062723c751e8b465ee728b)
Start importing Assets/Scenes/Map2.unity using Guid(93d4569fd18975e499c13eb76cff2148) Importer(815301076,1909f56bfc062723c751e8b465ee728b)  -> (artifact id: 'b2fb9c17a272eceb34bf27bc26d3db79') in 0.008311 seconds 
  Import took 0.012819 seconds .

========================================================================
Received Import Request.
  Time since last request: 10.711270 seconds.
  path: Assets/Scenes/Map1.unity
  artifactKey: Guid(2bf3784996e5eb84ea4591f2b5d853da) Importer(815301076,1909f56bfc062723c751e8b465ee728b)
Start importing Assets/Scenes/Map1.unity using Guid(2bf3784996e5eb84ea4591f2b5d853da) Importer(815301076,1909f56bfc062723c751e8b465ee728b)  -> (artifact id: 'e83884225963df9187906291d83c35df') in 0.008304 seconds 
  Import took 0.014079 seconds .

========================================================================
Received Import Request.
  Time since last request: 212.425380 seconds.
  path: Assets/material
  artifactKey: Guid(9b3c8c9f51b697543843c2560fdc9266) Importer(815301076,1909f56bfc062723c751e8b465ee728b)
Start importing Assets/material using Guid(9b3c8c9f51b697543843c2560fdc9266) Importer(815301076,1909f56bfc062723c751e8b465ee728b)  -> (artifact id: '2ebeb94c6b7454aaa18c2780f4fcbda4') in 0.013895 seconds 
  Import took 0.023954 seconds .

========================================================================
Received Import Request.
  Time since last request: 0.009986 seconds.
  path: Assets/material
  artifactKey: Guid(9b3c8c9f51b697543843c2560fdc9266) Importer(815301076,1909f56bfc062723c751e8b465ee728b)
Start importing Assets/material using Guid(9b3c8c9f51b697543843c2560fdc9266) Importer(815301076,1909f56bfc062723c751e8b465ee728b)  -> (artifact id: '2ebeb94c6b7454aaa18c2780f4fcbda4') in 0.002247 seconds 
  Import took 0.010477 seconds .

========================================================================
Received Import Request.
  Time since last request: 7.465412 seconds.
  path: Assets/Texture/ceiling.png
  artifactKey: Guid(c3dc1ec70fe33db43b10ebf077830247) Importer(815301076,1909f56bfc062723c751e8b465ee728b)
Start importing Assets/Texture/ceiling.png using Guid(c3dc1ec70fe33db43b10ebf077830247) Importer(815301076,1909f56bfc062723c751e8b465ee728b)  -> (artifact id: '2d5177b146cf0bf094e46a479329ac38') in 0.015189 seconds 
  Import took 0.020689 seconds .

========================================================================
Received Import Request.
  Time since last request: 0.000274 seconds.
  path: Assets/Texture/TexturesCom_Carpet0034_1_seamless_S.jpg
  artifactKey: Guid(a369c381f16e5ea48aaa35b1da262250) Importer(815301076,1909f56bfc062723c751e8b465ee728b)
Start importing Assets/Texture/TexturesCom_Carpet0034_1_seamless_S.jpg using Guid(a369c381f16e5ea48aaa35b1da262250) Importer(815301076,1909f56bfc062723c751e8b465ee728b)  -> (artifact id: 'd34263be0d32d1f1e7b3054b7d3152a3') in 0.055698 seconds 
  Import took 0.060529 seconds .

========================================================================
Received Import Request.
  Time since last request: 0.000320 seconds.
  path: Assets/Texture/ol6febcwjh871.jpg
  artifactKey: Guid(e9971dfd4027f9447988a29182f73213) Importer(815301076,1909f56bfc062723c751e8b465ee728b)
Start importing Assets/Texture/ol6febcwjh871.jpg using Guid(e9971dfd4027f9447988a29182f73213) Importer(815301076,1909f56bfc062723c751e8b465ee728b)  -> (artifact id: '6a1d0cbabc21de218f75013c53cb82f2') in 0.050511 seconds 
  Import took 0.054729 seconds .

========================================================================
Received Import Request.
  Time since last request: 9.566291 seconds.
  path: Assets/Texture/Grass01_1K_BaseColor.png
  artifactKey: Guid(a8cace17c2cfa424fbafd81edd712a33) Importer(815301076,1909f56bfc062723c751e8b465ee728b)
Start importing Assets/Texture/Grass01_1K_BaseColor.png using Guid(a8cace17c2cfa424fbafd81edd712a33) Importer(815301076,1909f56bfc062723c751e8b465ee728b)  -> (artifact id: 'a8845c29993dc9c35894a52e4aab5342') in 0.036125 seconds 
  Import took 0.045669 seconds .

========================================================================
Received Import Request.
  Time since last request: 11.635754 seconds.
  path: Assets/material/grass.mat
  artifactKey: Guid(fe03090b8c8959046a371996b1768a75) Importer(815301076,1909f56bfc062723c751e8b465ee728b)
Start importing Assets/material/grass.mat using Guid(fe03090b8c8959046a371996b1768a75) Importer(815301076,1909f56bfc062723c751e8b465ee728b)  -> (artifact id: 'dafc1de3638d204be552697fffa12525') in 0.059564 seconds 
  Import took 0.065259 seconds .

========================================================================
Received Import Request.
  Time since last request: 2.685504 seconds.
  path: Assets/StarterAssets/Environment/Art/Textures/Grid_01_BaseMap.png
  artifactKey: Guid(d1118dda59970a2449ee890fa247c4c5) Importer(815301076,1909f56bfc062723c751e8b465ee728b)
Start importing Assets/StarterAssets/Environment/Art/Textures/Grid_01_BaseMap.png using Guid(d1118dda59970a2449ee890fa247c4c5) Importer(815301076,1909f56bfc062723c751e8b465ee728b)  -> (artifact id: '36ef5da88e8e8c9643407ef2027f34ff') in 0.051719 seconds 
  Import took 0.059408 seconds .

========================================================================
Received Import Request.
  Time since last request: 0.000389 seconds.
  path: Assets/StarterAssets/Environment/Art/Textures/Grid_01_Emissive.png
  artifactKey: Guid(d4d6919451fe3e24388816386a6d15a4) Importer(815301076,1909f56bfc062723c751e8b465ee728b)
Start importing Assets/StarterAssets/Environment/Art/Textures/Grid_01_Emissive.png using Guid(d4d6919451fe3e24388816386a6d15a4) Importer(815301076,1909f56bfc062723c751e8b465ee728b)  -> (artifact id: '315473771d71c2a0e6219bab168f17e7') in 0.069448 seconds 
  Import took 0.075742 seconds .

========================================================================
Received Import Request.
  Time since last request: 0.000356 seconds.
  path: Assets/Scenes/Computer Room/Lightmap-0_comp_dir.png
  artifactKey: Guid(6b3f5df3a29d4bc4693faa32cf73eb47) Importer(815301076,1909f56bfc062723c751e8b465ee728b)
Start importing Assets/Scenes/Computer Room/Lightmap-0_comp_dir.png using Guid(6b3f5df3a29d4bc4693faa32cf73eb47) Importer(815301076,1909f56bfc062723c751e8b465ee728b)  -> (artifact id: 'bfbbd68f35c564644ce21fa172b63ff3') in 0.023377 seconds 
  Import took 0.028812 seconds .

========================================================================
Received Import Request.
  Time since last request: 0.000250 seconds.
  path: Assets/StarterAssets/Environment/Art/Textures/Grid_01_Emissive.png
  artifactKey: Guid(d4d6919451fe3e24388816386a6d15a4) Importer(815301076,1909f56bfc062723c751e8b465ee728b)
Start importing Assets/StarterAssets/Environment/Art/Textures/Grid_01_Emissive.png using Guid(d4d6919451fe3e24388816386a6d15a4) Importer(815301076,1909f56bfc062723c751e8b465ee728b)  -> (artifact id: '315473771d71c2a0e6219bab168f17e7') in 0.026013 seconds 
  Import took 0.032176 seconds .

========================================================================
Received Import Request.
  Time since last request: 0.000313 seconds.
  path: Assets/StarterAssets/Environment/Art/Textures/Grid_01_BaseMap.png
  artifactKey: Guid(d1118dda59970a2449ee890fa247c4c5) Importer(815301076,1909f56bfc062723c751e8b465ee728b)
Start importing Assets/StarterAssets/Environment/Art/Textures/Grid_01_BaseMap.png using Guid(d1118dda59970a2449ee890fa247c4c5) Importer(815301076,1909f56bfc062723c751e8b465ee728b)  -> (artifact id: '36ef5da88e8e8c9643407ef2027f34ff') in 0.015900 seconds 
  Import took 0.022961 seconds .

========================================================================
Received Import Request.
  Time since last request: 0.000306 seconds.
  path: Assets/StarterAssets/Environment/Art/Textures/Grid_02_BaseMap.png
  artifactKey: Guid(d9c0dd5cdac07b145be73329e489869a) Importer(815301076,1909f56bfc062723c751e8b465ee728b)
Start importing Assets/StarterAssets/Environment/Art/Textures/Grid_02_BaseMap.png using Guid(d9c0dd5cdac07b145be73329e489869a) Importer(815301076,1909f56bfc062723c751e8b465ee728b)  -> (artifact id: '6e4c464f99a9ab9d64e4945f71e5fc5b') in 0.041520 seconds 
  Import took 0.048779 seconds .

========================================================================
Received Import Request.
  Time since last request: 0.000394 seconds.
  path: Assets/StarterAssets/Environment/Art/Textures/Grid_01_Normal.png
  artifactKey: Guid(c5c221ed57a3bf6488f8eba0db28a004) Importer(815301076,1909f56bfc062723c751e8b465ee728b)
Start importing Assets/StarterAssets/Environment/Art/Textures/Grid_01_Normal.png using Guid(c5c221ed57a3bf6488f8eba0db28a004) Importer(815301076,1909f56bfc062723c751e8b465ee728b)  -> (artifact id: '304772b8eca1e72022802334dfe52b48') in 0.104100 seconds 
  Import took 0.110226 seconds .

========================================================================
Received Import Request.
  Time since last request: 123.335125 seconds.
  path: Assets/Texture/Grass01_1K_BaseColor.png
  artifactKey: Guid(a8cace17c2cfa424fbafd81edd712a33) Importer(815301076,1909f56bfc062723c751e8b465ee728b)
Start importing Assets/Texture/Grass01_1K_BaseColor.png using Guid(a8cace17c2cfa424fbafd81edd712a33) Importer(815301076,1909f56bfc062723c751e8b465ee728b)  -> (artifact id: '2883aed7701b00a316fbdab7ac0d17f9') in 0.050272 seconds 
  Import took 0.055169 seconds .

========================================================================
Received Prepare
Registering precompiled user dll's ...
Registered in 0.004101 seconds.
Begin MonoManager ReloadAssembly
Native extension for WindowsStandalone target not found
Refreshing native plugins compatible for Editor in 0.57 ms, found 2 plugins.
Preloading 0 native plugins for Editor in 0.00 ms.
Mono: successfully reloaded assembly
- Completed reload, in  1.483 seconds
Domain Reload Profiling:
	ReloadAssembly (1483ms)
		BeginReloadAssembly (207ms)
			ExecutionOrderSort (0ms)
			DisableScriptedObjects (7ms)
			BackupInstance (0ms)
			ReleaseScriptingObjects (0ms)
			CreateAndSetChildDomain (64ms)
		EndReloadAssembly (1178ms)
			LoadAssemblies (120ms)
			RebuildTransferFunctionScriptingTraits (0ms)
			SetupTypeCache (331ms)
			ReleaseScriptCaches (2ms)
			RebuildScriptCaches (71ms)
			SetupLoadedEditorAssemblies (510ms)
				LogAssemblyErrors (0ms)
				InitializePlatformSupportModulesInManaged (4ms)
				SetLoadedEditorAssemblies (0ms)
				RefreshPlugins (1ms)
				BeforeProcessingInitializeOnLoad (67ms)
				ProcessInitializeOnLoadAttributes (425ms)
				ProcessInitializeOnLoadMethodAttributes (8ms)
				AfterProcessingInitializeOnLoad (6ms)
				EditorAssembliesLoaded (0ms)
			ExecutionOrderSort2 (0ms)
			AwakeInstancesAfterBackupRestoration (17ms)
Platform modules already initialized, skipping
Shader 'Universal Render Pipeline/Particles/Lit': fallback shader 'Universal Render Pipeline/Particles/SimpleLit' not found
Refreshing native plugins compatible for Editor in 0.48 ms, found 2 plugins.
Preloading 0 native plugins for Editor in 0.00 ms.
Unloading 3047 Unused Serialized files (Serialized files now loaded: 0)
System memory in use before: 138.2 MB.
System memory in use after: 138.5 MB.

Unloading 16 unused Assets to reduce memory usage. Loaded Objects now: 3696.
Total: 3.298000 ms (FindLiveObjects: 0.267700 ms CreateObjectMapping: 0.087100 ms MarkObjects: 2.907800 ms  DeleteObjects: 0.034200 ms)

AssetImportParameters requested are different than current active one (requested -> active):
  custom:framework-win-MediaFoundation: 216162199b28c13a410421893ffa2e32 -> 
  custom:video-decoder-ogg-theora: a1e56fd34408186e4bbccfd4996cb3dc -> 
  custom:container-muxer-webm: aa71ff27fc2769a1b78a27578f13a17b -> 
  custom:container-demuxer-webm: 4f35f7cbe854078d1ac9338744f61a02 -> 
  custom:container-demuxer-ogg: 62fdf1f143b41e24485cea50d1cbac27 -> 
  custom:video-encoder-webm-vp8: eb34c28f22e8b96e1ab97ce403110664 -> 
  custom:video-codec-MediaFoundation-h265: 746d11721c4dcdbdad8f713fa42b33f4 -> 
  custom:video-decoder-webm-vp8: 9c59270c3fd7afecdb556c50c9e8de78 -> 
  custom:audio-decoder-ogg-vorbis: bf7c407c2cedff20999df2af8eb42d56 -> 
  custom:audio-encoder-webm-vorbis: bf7c407c2cedff20999df2af8eb42d56 -> 
========================================================================
Received Import Request.
  Time since last request: 411.053964 seconds.
  path: Assets/material/grass.mat
  artifactKey: Guid(fe03090b8c8959046a371996b1768a75) Importer(815301076,1909f56bfc062723c751e8b465ee728b)
Start importing Assets/material/grass.mat using Guid(fe03090b8c8959046a371996b1768a75) Importer(815301076,1909f56bfc062723c751e8b465ee728b)  -> (artifact id: '2cc71a9e8cb43a105ba6eb562e0c71bd') in 0.133560 seconds 
  Import took 0.138362 seconds .

========================================================================
Received Import Request.
  Time since last request: 0.000280 seconds.
  path: Assets/material/Pink.mat
  artifactKey: Guid(fef7c865320517142b02f67b3de8ef85) Importer(815301076,1909f56bfc062723c751e8b465ee728b)
Start importing Assets/material/Pink.mat using Guid(fef7c865320517142b02f67b3de8ef85) Importer(815301076,1909f56bfc062723c751e8b465ee728b)  -> (artifact id: 'db932703da3d108859de6f1d9ae75c0d') in 0.059826 seconds 
  Import took 0.064263 seconds .

========================================================================
Received Import Request.
  Time since last request: 443.167546 seconds.
  path: Assets/material/Pink.mat
  artifactKey: Guid(fef7c865320517142b02f67b3de8ef85) Importer(815301076,1909f56bfc062723c751e8b465ee728b)
Start importing Assets/material/Pink.mat using Guid(fef7c865320517142b02f67b3de8ef85) Importer(815301076,1909f56bfc062723c751e8b465ee728b)  -> (artifact id: 'a90c4642f72522fa5a9cc46df5bb4fed') in 0.036558 seconds 
  Import took 0.045956 seconds .

========================================================================
Received Prepare
Registering precompiled user dll's ...
Registered in 0.219696 seconds.
Begin MonoManager ReloadAssembly
Native extension for WindowsStandalone target not found
Refreshing native plugins compatible for Editor in 0.45 ms, found 2 plugins.
Preloading 0 native plugins for Editor in 0.00 ms.
Mono: successfully reloaded assembly
- Completed reload, in  1.014 seconds
Domain Reload Profiling:
	ReloadAssembly (1015ms)
		BeginReloadAssembly (132ms)
			ExecutionOrderSort (0ms)
			DisableScriptedObjects (5ms)
			BackupInstance (0ms)
			ReleaseScriptingObjects (0ms)
			CreateAndSetChildDomain (38ms)
		EndReloadAssembly (800ms)
			LoadAssemblies (114ms)
			RebuildTransferFunctionScriptingTraits (0ms)
			SetupTypeCache (224ms)
			ReleaseScriptCaches (1ms)
			RebuildScriptCaches (33ms)
			SetupLoadedEditorAssemblies (307ms)
				LogAssemblyErrors (0ms)
				InitializePlatformSupportModulesInManaged (4ms)
				SetLoadedEditorAssemblies (0ms)
				RefreshPlugins (1ms)
				BeforeProcessingInitializeOnLoad (46ms)
				ProcessInitializeOnLoadAttributes (247ms)
				ProcessInitializeOnLoadMethodAttributes (5ms)
				AfterProcessingInitializeOnLoad (3ms)
				EditorAssembliesLoaded (0ms)
			ExecutionOrderSort2 (0ms)
			AwakeInstancesAfterBackupRestoration (12ms)
Platform modules already initialized, skipping
Shader 'Universal Render Pipeline/Particles/Lit': fallback shader 'Universal Render Pipeline/Particles/SimpleLit' not found
Refreshing native plugins compatible for Editor in 0.50 ms, found 2 plugins.
Preloading 0 native plugins for Editor in 0.00 ms.
Unloading 3047 Unused Serialized files (Serialized files now loaded: 0)
System memory in use before: 138.4 MB.
System memory in use after: 138.6 MB.

Unloading 16 unused Assets to reduce memory usage. Loaded Objects now: 3734.
Total: 3.066100 ms (FindLiveObjects: 0.258700 ms CreateObjectMapping: 0.077700 ms MarkObjects: 2.694800 ms  DeleteObjects: 0.033800 ms)

AssetImportParameters requested are different than current active one (requested -> active):
  custom:framework-win-MediaFoundation: 216162199b28c13a410421893ffa2e32 -> 
  custom:video-decoder-ogg-theora: a1e56fd34408186e4bbccfd4996cb3dc -> 
  custom:container-muxer-webm: aa71ff27fc2769a1b78a27578f13a17b -> 
  custom:container-demuxer-webm: 4f35f7cbe854078d1ac9338744f61a02 -> 
  custom:container-demuxer-ogg: 62fdf1f143b41e24485cea50d1cbac27 -> 
  custom:video-encoder-webm-vp8: eb34c28f22e8b96e1ab97ce403110664 -> 
  custom:video-codec-MediaFoundation-h265: 746d11721c4dcdbdad8f713fa42b33f4 -> 
  custom:video-decoder-webm-vp8: 9c59270c3fd7afecdb556c50c9e8de78 -> 
  custom:audio-decoder-ogg-vorbis: bf7c407c2cedff20999df2af8eb42d56 -> 
  custom:audio-encoder-webm-vorbis: bf7c407c2cedff20999df2af8eb42d56 -> 
========================================================================
Received Import Request.
  Time since last request: 133.524276 seconds.
  path: Assets/3DModels/JackalRemake/Animations
  artifactKey: Guid(368656098a885734abf8f5514639324d) Importer(815301076,1909f56bfc062723c751e8b465ee728b)
Start importing Assets/3DModels/JackalRemake/Animations using Guid(368656098a885734abf8f5514639324d) Importer(815301076,1909f56bfc062723c751e8b465ee728b)  -> (artifact id: '9e98ff272651e3bd19eeaa5015c12407') in 0.008902 seconds 
  Import took 0.013123 seconds .

========================================================================
Received Import Request.
  Time since last request: 0.000408 seconds.
  path: Assets/3DModels/JackalRemake
  artifactKey: Guid(148cf40fce987844cbe1d37ba781d102) Importer(815301076,1909f56bfc062723c751e8b465ee728b)
Start importing Assets/3DModels/JackalRemake using Guid(148cf40fce987844cbe1d37ba781d102) Importer(815301076,1909f56bfc062723c751e8b465ee728b)  -> (artifact id: '4b51efa8a9f10b1fdedb564b0bb17b3d') in 0.007566 seconds 
  Import took 0.012037 seconds .

========================================================================
Received Import Request.
  Time since last request: 0.000285 seconds.
  path: Assets/3DModels
  artifactKey: Guid(5c3c7adb982c03a448db789cf1bd624c) Importer(815301076,1909f56bfc062723c751e8b465ee728b)
Start importing Assets/3DModels using Guid(5c3c7adb982c03a448db789cf1bd624c) Importer(815301076,1909f56bfc062723c751e8b465ee728b)  -> (artifact id: '1999c501ee5c19f431a4b6ee12ddef3d') in 0.004558 seconds 
  Import took 0.008536 seconds .

========================================================================
Received Import Request.
  Time since last request: 0.000474 seconds.
  path: Assets/3DModels/JackalRemake/JackalPlayer.prefab
  artifactKey: Guid(5a289b49d1a44ac46af150c71c493739) Importer(815301076,1909f56bfc062723c751e8b465ee728b)
Start importing Assets/3DModels/JackalRemake/JackalPlayer.prefab using Guid(5a289b49d1a44ac46af150c71c493739) Importer(815301076,1909f56bfc062723c751e8b465ee728b)  -> (artifact id: '27a0e3bd4a65c499e937a6ce6e0d2bcd') in 0.191291 seconds 
  Import took 0.195863 seconds .

========================================================================
Received Import Request.
  Time since last request: 0.366407 seconds.
  path: Assets/3DModels/JackalRemake/ModelData
  artifactKey: Guid(858c34a6cf9fc434b9ec879b5dc0df81) Importer(815301076,1909f56bfc062723c751e8b465ee728b)
Start importing Assets/3DModels/JackalRemake/ModelData using Guid(858c34a6cf9fc434b9ec879b5dc0df81) Importer(815301076,1909f56bfc062723c751e8b465ee728b)  -> (artifact id: '5a77906468498c947cb00443912ac362') in 0.005985 seconds 
  Import took 0.015295 seconds .

========================================================================
Received Import Request.
  Time since last request: 0.007404 seconds.
  path: Assets/3DModels/JackalRemake/ModelData
  artifactKey: Guid(858c34a6cf9fc434b9ec879b5dc0df81) Importer(815301076,1909f56bfc062723c751e8b465ee728b)
Start importing Assets/3DModels/JackalRemake/ModelData using Guid(858c34a6cf9fc434b9ec879b5dc0df81) Importer(815301076,1909f56bfc062723c751e8b465ee728b)  -> (artifact id: '5a77906468498c947cb00443912ac362') in 0.002471 seconds 
  Import took 0.007497 seconds .

========================================================================
Received Import Request.
  Time since last request: 25.465030 seconds.
  path: Assets/3DModels/JackalRemake/ModelData/ColorVal 1.mat
  artifactKey: Guid(7bb01fd38119a8d4295231de4f0ad862) Importer(815301076,1909f56bfc062723c751e8b465ee728b)
Start importing Assets/3DModels/JackalRemake/ModelData/ColorVal 1.mat using Guid(7bb01fd38119a8d4295231de4f0ad862) Importer(815301076,1909f56bfc062723c751e8b465ee728b)  -> (artifact id: '84dcdd95c0259d57cd37ee93751e6e34') in 0.021525 seconds 
  Import took 0.026621 seconds .

========================================================================
Received Import Request.
  Time since last request: 0.000437 seconds.
  path: Assets/3DModels/JackalRemake/ModelData/FaceCoverMaterial.mat
  artifactKey: Guid(a5f8a42d47d66d24ea1e6f0a6617d548) Importer(815301076,1909f56bfc062723c751e8b465ee728b)
Start importing Assets/3DModels/JackalRemake/ModelData/FaceCoverMaterial.mat using Guid(a5f8a42d47d66d24ea1e6f0a6617d548) Importer(815301076,1909f56bfc062723c751e8b465ee728b)  -> (artifact id: '4002c907ed40bf785a55abbaa3541133') in 0.014822 seconds 
  Import took 0.019356 seconds .

========================================================================
Received Import Request.
  Time since last request: 0.000432 seconds.
  path: Assets/3DModels/JackalRemake/ModelData/JackalMaterial.mat
  artifactKey: Guid(9b8f4ec65bba0df46867ef83cb9761de) Importer(815301076,1909f56bfc062723c751e8b465ee728b)
Start importing Assets/3DModels/JackalRemake/ModelData/JackalMaterial.mat using Guid(9b8f4ec65bba0df46867ef83cb9761de) Importer(815301076,1909f56bfc062723c751e8b465ee728b)  -> (artifact id: '9a599d4a62200611d54e6f7f546848c3') in 0.012277 seconds 
  Import took 0.016621 seconds .

========================================================================
Received Import Request.
  Time since last request: 0.000499 seconds.
  path: Assets/3DModels/JackalRemake/ModelData/JackalPlayer.fbx
  artifactKey: Guid(8b3ba9a7db3a40c4c8cb7fabf4acd5e5) Importer(815301076,1909f56bfc062723c751e8b465ee728b)
Start importing Assets/3DModels/JackalRemake/ModelData/JackalPlayer.fbx using Guid(8b3ba9a7db3a40c4c8cb7fabf4acd5e5) Importer(815301076,1909f56bfc062723c751e8b465ee728b)  -> (artifact id: 'fbfb9b24938584935f2875e61a2a7b59') in 0.437670 seconds 
  Import took 0.442237 seconds .

========================================================================
Received Import Request.
  Time since last request: 0.000321 seconds.
  path: Assets/3DModels/JackalRemake/ModelData/JackalPlayerTexture_grd.png
  artifactKey: Guid(498703d54c9a73a4f81946cea4ca4990) Importer(815301076,1909f56bfc062723c751e8b465ee728b)
Start importing Assets/3DModels/JackalRemake/ModelData/JackalPlayerTexture_grd.png using Guid(498703d54c9a73a4f81946cea4ca4990) Importer(815301076,1909f56bfc062723c751e8b465ee728b)  -> (artifact id: 'd9f05153a6fc3492abd80a3e3e66fae8') in 0.014881 seconds 
  Import took 0.020609 seconds .

========================================================================
Received Import Request.
  Time since last request: 0.000433 seconds.
  path: Assets/3DModels/JackalRemake/ModelData/ColorVal 2.mat
  artifactKey: Guid(0c8198e128a8cf544b1ec10662bc51de) Importer(815301076,1909f56bfc062723c751e8b465ee728b)
Start importing Assets/3DModels/JackalRemake/ModelData/ColorVal 2.mat using Guid(0c8198e128a8cf544b1ec10662bc51de) Importer(815301076,1909f56bfc062723c751e8b465ee728b)  -> (artifact id: 'fdf0b9b3415cbcda4c4a46588487f978') in 0.046860 seconds 
  Import took 0.053523 seconds .

========================================================================
Received Prepare
Registering precompiled user dll's ...
Registered in 0.015827 seconds.
Begin MonoManager ReloadAssembly
Native extension for WindowsStandalone target not found
Refreshing native plugins compatible for Editor in 2.53 ms, found 2 plugins.
Preloading 0 native plugins for Editor in 0.00 ms.
Mono: successfully reloaded assembly
- Completed reload, in  3.876 seconds
Domain Reload Profiling:
	ReloadAssembly (3877ms)
		BeginReloadAssembly (394ms)
			ExecutionOrderSort (0ms)
			DisableScriptedObjects (17ms)
			BackupInstance (0ms)
			ReleaseScriptingObjects (0ms)
			CreateAndSetChildDomain (126ms)
		EndReloadAssembly (3322ms)
			LoadAssemblies (283ms)
			RebuildTransferFunctionScriptingTraits (0ms)
			SetupTypeCache (1591ms)
			ReleaseScriptCaches (3ms)
			RebuildScriptCaches (138ms)
			SetupLoadedEditorAssemblies (972ms)
				LogAssemblyErrors (0ms)
				InitializePlatformSupportModulesInManaged (17ms)
				SetLoadedEditorAssemblies (1ms)
				RefreshPlugins (3ms)
				BeforeProcessingInitializeOnLoad (139ms)
				ProcessInitializeOnLoadAttributes (794ms)
				ProcessInitializeOnLoadMethodAttributes (10ms)
				AfterProcessingInitializeOnLoad (6ms)
				EditorAssembliesLoaded (2ms)
			ExecutionOrderSort2 (0ms)
			AwakeInstancesAfterBackupRestoration (28ms)
Platform modules already initialized, skipping
Shader 'Universal Render Pipeline/Particles/Lit': fallback shader 'Universal Render Pipeline/Particles/SimpleLit' not found
Refreshing native plugins compatible for Editor in 0.63 ms, found 2 plugins.
Preloading 0 native plugins for Editor in 0.00 ms.
Unloading 3047 Unused Serialized files (Serialized files now loaded: 0)
System memory in use before: 152.7 MB.
System memory in use after: 152.9 MB.

Unloading 16 unused Assets to reduce memory usage. Loaded Objects now: 3777.
Total: 3.532100 ms (FindLiveObjects: 0.251800 ms CreateObjectMapping: 0.096100 ms MarkObjects: 3.158700 ms  DeleteObjects: 0.024000 ms)

AssetImportParameters requested are different than current active one (requested -> active):
  custom:framework-win-MediaFoundation: 216162199b28c13a410421893ffa2e32 -> 
  custom:video-decoder-ogg-theora: a1e56fd34408186e4bbccfd4996cb3dc -> 
  custom:container-muxer-webm: aa71ff27fc2769a1b78a27578f13a17b -> 
  custom:container-demuxer-webm: 4f35f7cbe854078d1ac9338744f61a02 -> 
  custom:container-demuxer-ogg: 62fdf1f143b41e24485cea50d1cbac27 -> 
  custom:video-encoder-webm-vp8: eb34c28f22e8b96e1ab97ce403110664 -> 
  custom:video-codec-MediaFoundation-h265: 746d11721c4dcdbdad8f713fa42b33f4 -> 
  custom:video-decoder-webm-vp8: 9c59270c3fd7afecdb556c50c9e8de78 -> 
  custom:audio-decoder-ogg-vorbis: bf7c407c2cedff20999df2af8eb42d56 -> 
  custom:audio-encoder-webm-vorbis: bf7c407c2cedff20999df2af8eb42d56 -> 
========================================================================
Received Import Request.
  Time since last request: 2233.717032 seconds.
  path: Assets/Scenes/Map1.unity
  artifactKey: Guid(2bf3784996e5eb84ea4591f2b5d853da) Importer(815301076,1909f56bfc062723c751e8b465ee728b)
Start importing Assets/Scenes/Map1.unity using Guid(2bf3784996e5eb84ea4591f2b5d853da) Importer(815301076,1909f56bfc062723c751e8b465ee728b)  -> (artifact id: 'fcde8a8593dc9a1ceaa884837dbb7981') in 0.027393 seconds 
  Import took 0.034043 seconds .

========================================================================
Received Prepare
Registering precompiled user dll's ...
Registered in 0.013167 seconds.
Begin MonoManager ReloadAssembly
Native extension for WindowsStandalone target not found
Refreshing native plugins compatible for Editor in 1.37 ms, found 2 plugins.
Preloading 0 native plugins for Editor in 0.00 ms.
Mono: successfully reloaded assembly
- Completed reload, in  1.698 seconds
Domain Reload Profiling:
	ReloadAssembly (1699ms)
		BeginReloadAssembly (125ms)
			ExecutionOrderSort (0ms)
			DisableScriptedObjects (7ms)
			BackupInstance (0ms)
			ReleaseScriptingObjects (0ms)
			CreateAndSetChildDomain (44ms)
		EndReloadAssembly (1498ms)
			LoadAssemblies (110ms)
			RebuildTransferFunctionScriptingTraits (0ms)
			SetupTypeCache (422ms)
			ReleaseScriptCaches (1ms)
			RebuildScriptCaches (71ms)
			SetupLoadedEditorAssemblies (687ms)
				LogAssemblyErrors (0ms)
				InitializePlatformSupportModulesInManaged (7ms)
				SetLoadedEditorAssemblies (1ms)
				RefreshPlugins (1ms)
				BeforeProcessingInitializeOnLoad (100ms)
				ProcessInitializeOnLoadAttributes (555ms)
				ProcessInitializeOnLoadMethodAttributes (13ms)
				AfterProcessingInitializeOnLoad (8ms)
				EditorAssembliesLoaded (1ms)
			ExecutionOrderSort2 (0ms)
			AwakeInstancesAfterBackupRestoration (32ms)
Platform modules already initialized, skipping
Shader 'Universal Render Pipeline/Particles/Lit': fallback shader 'Universal Render Pipeline/Particles/SimpleLit' not found
Refreshing native plugins compatible for Editor in 0.82 ms, found 2 plugins.
Preloading 0 native plugins for Editor in 0.00 ms.
Unloading 3047 Unused Serialized files (Serialized files now loaded: 0)
System memory in use before: 152.7 MB.
System memory in use after: 153.0 MB.

Unloading 16 unused Assets to reduce memory usage. Loaded Objects now: 3779.
Total: 5.692100 ms (FindLiveObjects: 0.251500 ms CreateObjectMapping: 0.100500 ms MarkObjects: 5.289600 ms  DeleteObjects: 0.049200 ms)

AssetImportParameters requested are different than current active one (requested -> active):
  custom:framework-win-MediaFoundation: 216162199b28c13a410421893ffa2e32 -> 
  custom:video-decoder-ogg-theora: a1e56fd34408186e4bbccfd4996cb3dc -> 
  custom:container-muxer-webm: aa71ff27fc2769a1b78a27578f13a17b -> 
  custom:container-demuxer-webm: 4f35f7cbe854078d1ac9338744f61a02 -> 
  custom:container-demuxer-ogg: 62fdf1f143b41e24485cea50d1cbac27 -> 
  custom:video-encoder-webm-vp8: eb34c28f22e8b96e1ab97ce403110664 -> 
  custom:video-codec-MediaFoundation-h265: 746d11721c4dcdbdad8f713fa42b33f4 -> 
  custom:video-decoder-webm-vp8: 9c59270c3fd7afecdb556c50c9e8de78 -> 
  custom:audio-decoder-ogg-vorbis: bf7c407c2cedff20999df2af8eb42d56 -> 
  custom:audio-encoder-webm-vorbis: bf7c407c2cedff20999df2af8eb42d56 -> 
AssetImportWorkerClient::OnTransportError - code=2 error=End of file
